<?xml version="1.0" encoding="UTF-8"?>
<testsuite name="org.eclipse.stem.diseasemodels.globalinfluenzamodel.tests.GlobalInfluenzaModelTest" time="0.002" tests="1" errors="0" skipped="0" failures="1">
  <properties>
[...]
</properties>
  <testcase name="warning" classname="junit.framework.TestSuite$1" time="0.002">
    <failure message="No tests found in org.eclipse.stem.diseasemodels.globalinfluenzamodel.tests.GlobalInfluenzaModelTest" type="junit.framework.AssertionFailedError">junit.framework.AssertionFailedError: No tests found in org.eclipse.stem.diseasemodels.globalinfluenzamodel.tests.GlobalInfluenzaModelTest
	at junit.framework.Assert.fail(Assert.java:57)
	at junit.framework.TestCase.fail(TestCase.java:227)
	at junit.framework.TestSuite$1.runTest(TestSuite.java:97)
</failure>
    <system-err><![CDATA[Pop Model UI plugin not found.  Distributed mode not enabled.
]]></system-err>
  </testcase>
</testsuite>